Initial weights:
  mobility: 140.00
  psqt: 10.00
  frontier: 40.00
  parity: 90.00
  corners: 800.00
  corner_closeness: 40.00
Starting TD(λ) training for 5000 episodes...
Parameters: α=0.0001, λ=0.7, ε=0.15, search=2@30ms
Episode 0/5000  elapsed 0.0s
Episode 10/5000  elapsed 6.6s
Episode 20/5000  elapsed 15.2s
Episode 30/5000  elapsed 23.6s
Episode 40/5000  elapsed 30.3s
Episode 50/5000  elapsed 37.9s
Episode 60/5000  elapsed 46.4s
Episode 70/5000  elapsed 54.6s
Episode 80/5000  elapsed 62.3s
Episode 90/5000  elapsed 68.4s
Episode 100/5000  elapsed 76.7s
Episode 110/5000  elapsed 84.8s
Episode 120/5000  elapsed 91.8s
Episode 130/5000  elapsed 99.3s
Episode 140/5000  elapsed 106.5s
Episode 150/5000  elapsed 115.4s
Episode 160/5000  elapsed 123.1s
Episode 170/5000  elapsed 132.2s
Episode 180/5000  elapsed 140.2s
Episode 190/5000  elapsed 147.6s
Episode 200/5000  elapsed 155.8s
Episode 210/5000  elapsed 162.8s
Episode 220/5000  elapsed 169.9s
Episode 230/5000  elapsed 179.1s
Episode 240/5000  elapsed 186.6s
Episode 250/5000  elapsed 193.5s
Episode 260/5000  elapsed 201.2s
Episode 270/5000  elapsed 208.5s
Episode 280/5000  elapsed 217.4s
Episode 290/5000  elapsed 225.9s
Episode 300/5000  elapsed 231.9s
Episode 310/5000  elapsed 239.1s
Episode 320/5000  elapsed 247.2s
Episode 330/5000  elapsed 254.7s
Episode 340/5000  elapsed 261.9s
Episode 350/5000  elapsed 269.8s
Episode 360/5000  elapsed 277.8s
Episode 370/5000  elapsed 285.7s
Episode 380/5000  elapsed 292.3s
Episode 390/5000  elapsed 299.4s
Episode 400/5000  elapsed 306.2s
Episode 410/5000  elapsed 312.5s
Episode 420/5000  elapsed 319.5s
Episode 430/5000  elapsed 326.6s
Episode 440/5000  elapsed 335.7s
Episode 450/5000  elapsed 346.1s
Episode 460/5000  elapsed 355.4s
Episode 470/5000  elapsed 362.3s
Episode 480/5000  elapsed 370.8s
Episode 490/5000  elapsed 377.3s
Episode 500/5000  elapsed 385.2s
Episode 510/5000  elapsed 393.0s
Episode 520/5000  elapsed 400.9s
Episode 530/5000  elapsed 407.0s
Episode 540/5000  elapsed 415.1s
Episode 550/5000  elapsed 422.8s
Episode 560/5000  elapsed 431.7s
Episode 570/5000  elapsed 438.7s
Episode 580/5000  elapsed 447.2s
Episode 590/5000  elapsed 455.2s
Episode 600/5000  elapsed 464.5s
Episode 610/5000  elapsed 473.1s
Episode 620/5000  elapsed 481.5s
Episode 630/5000  elapsed 489.8s
Episode 640/5000  elapsed 500.5s
Episode 650/5000  elapsed 508.8s
Episode 660/5000  elapsed 517.3s
Episode 670/5000  elapsed 526.0s
Episode 680/5000  elapsed 533.4s
Episode 690/5000  elapsed 542.5s
Episode 700/5000  elapsed 549.7s
Episode 710/5000  elapsed 557.5s
Episode 720/5000  elapsed 565.3s
Episode 730/5000  elapsed 572.0s
Episode 740/5000  elapsed 579.6s
Episode 750/5000  elapsed 586.4s
Episode 760/5000  elapsed 594.9s
Episode 770/5000  elapsed 600.9s
Episode 780/5000  elapsed 608.4s
Episode 790/5000  elapsed 614.9s
Episode 800/5000  elapsed 620.2s
Episode 810/5000  elapsed 625.7s
Episode 820/5000  elapsed 631.2s
Episode 830/5000  elapsed 639.4s
Episode 840/5000  elapsed 648.7s
Episode 850/5000  elapsed 656.3s
Episode 860/5000  elapsed 664.4s
Episode 870/5000  elapsed 672.1s
Episode 880/5000  elapsed 679.9s
Episode 890/5000  elapsed 688.7s
Episode 900/5000  elapsed 695.4s
Episode 910/5000  elapsed 704.4s
Episode 920/5000  elapsed 712.0s
Episode 930/5000  elapsed 718.8s
Episode 940/5000  elapsed 724.9s
Episode 950/5000  elapsed 732.2s
Episode 960/5000  elapsed 741.3s
Episode 970/5000  elapsed 748.4s
Episode 980/5000  elapsed 931.1s
Episode 990/5000  elapsed 939.1s
Episode 1000/5000  elapsed 946.2s
Episode 1010/5000  elapsed 953.9s
Episode 1020/5000  elapsed 963.9s
Episode 1030/5000  elapsed 969.6s
Episode 1040/5000  elapsed 979.5s
Episode 1050/5000  elapsed 987.2s
Episode 1060/5000  elapsed 994.5s
Episode 1070/5000  elapsed 1001.9s
Episode 1080/5000  elapsed 1010.4s
Episode 1090/5000  elapsed 1018.1s
Episode 1100/5000  elapsed 1024.0s
Episode 1110/5000  elapsed 1033.8s
Episode 1120/5000  elapsed 1042.2s
Episode 1130/5000  elapsed 1049.5s
Episode 1140/5000  elapsed 1057.6s
Episode 1150/5000  elapsed 1064.1s
Episode 1160/5000  elapsed 1073.1s
Episode 1170/5000  elapsed 1080.1s
Episode 1180/5000  elapsed 1087.4s
Episode 1190/5000  elapsed 1093.6s
Episode 1200/5000  elapsed 1100.5s
Episode 1210/5000  elapsed 1107.4s
Episode 1220/5000  elapsed 1113.7s
Episode 1230/5000  elapsed 1121.3s
Episode 1240/5000  elapsed 1128.3s
Episode 1250/5000  elapsed 1136.2s
Episode 1260/5000  elapsed 1146.7s
Episode 1270/5000  elapsed 1152.7s
Episode 1280/5000  elapsed 1160.8s
Episode 1290/5000  elapsed 1167.9s
Episode 1300/5000  elapsed 1178.7s
Episode 1310/5000  elapsed 1188.3s
Episode 1320/5000  elapsed 1194.8s
Episode 1330/5000  elapsed 1203.9s
Episode 1340/5000  elapsed 1212.1s
Episode 1350/5000  elapsed 1220.1s
Episode 1360/5000  elapsed 1228.7s
Episode 1370/5000  elapsed 1236.7s
Episode 1380/5000  elapsed 1244.9s
Episode 1390/5000  elapsed 1252.0s
Episode 1400/5000  elapsed 1259.9s
Episode 1410/5000  elapsed 1267.3s
Episode 1420/5000  elapsed 1276.0s
Episode 1430/5000  elapsed 1282.1s
Episode 1440/5000  elapsed 1289.6s
Episode 1450/5000  elapsed 1297.4s
Episode 1460/5000  elapsed 1304.7s
Episode 1470/5000  elapsed 1312.3s
Episode 1480/5000  elapsed 1319.9s
Episode 1490/5000  elapsed 1326.4s
Episode 1500/5000  elapsed 1333.4s
Episode 1510/5000  elapsed 1340.4s
Episode 1520/5000  elapsed 1347.7s
Episode 1530/5000  elapsed 1355.7s
Episode 1540/5000  elapsed 1365.9s
Episode 1550/5000  elapsed 1372.9s
Episode 1560/5000  elapsed 1378.8s
Episode 1570/5000  elapsed 1388.8s
Episode 1580/5000  elapsed 1396.2s
Episode 1590/5000  elapsed 1404.0s
Episode 1600/5000  elapsed 1410.1s
Episode 1610/5000  elapsed 1416.1s
Episode 1620/5000  elapsed 1424.0s
Episode 1630/5000  elapsed 1430.8s
Episode 1640/5000  elapsed 1439.7s
Episode 1650/5000  elapsed 1448.6s
Episode 1660/5000  elapsed 1456.7s
Episode 1670/5000  elapsed 1464.3s
Episode 1680/5000  elapsed 1471.9s
Episode 1690/5000  elapsed 1479.6s
Episode 1700/5000  elapsed 1486.7s
Episode 1710/5000  elapsed 1493.1s
Episode 1720/5000  elapsed 1500.9s
Episode 1730/5000  elapsed 1509.1s
Episode 1740/5000  elapsed 1515.9s
Episode 1750/5000  elapsed 1524.4s
Episode 1760/5000  elapsed 1533.0s
Episode 1770/5000  elapsed 1540.8s
Episode 1780/5000  elapsed 1548.4s
Episode 1790/5000  elapsed 1556.2s
Episode 1800/5000  elapsed 1563.2s
Episode 1810/5000  elapsed 1570.2s
Episode 1820/5000  elapsed 1578.7s
Episode 1830/5000  elapsed 1586.7s
Episode 1840/5000  elapsed 1594.3s
Episode 1850/5000  elapsed 1602.5s
Episode 1860/5000  elapsed 1609.8s
Episode 1870/5000  elapsed 1616.0s
Episode 1880/5000  elapsed 1622.9s
Episode 1890/5000  elapsed 1630.8s
Episode 1900/5000  elapsed 1637.1s
Episode 1910/5000  elapsed 1646.7s
Episode 1920/5000  elapsed 1654.8s
Episode 1930/5000  elapsed 1663.1s
Episode 1940/5000  elapsed 1673.6s
Episode 1950/5000  elapsed 1681.6s
Episode 1960/5000  elapsed 1689.7s
Episode 1970/5000  elapsed 1698.0s
Episode 1980/5000  elapsed 1706.0s
Episode 1990/5000  elapsed 1715.2s
Episode 2000/5000  elapsed 1721.3s
Episode 2010/5000  elapsed 1729.2s
Episode 2020/5000  elapsed 1736.7s
Episode 2030/5000  elapsed 1742.9s
Episode 2040/5000  elapsed 1750.0s
Episode 2050/5000  elapsed 1756.8s
Episode 2060/5000  elapsed 1764.4s
Episode 2070/5000  elapsed 1771.9s
Episode 2080/5000  elapsed 1780.1s
Episode 2090/5000  elapsed 1787.3s
Episode 2100/5000  elapsed 1794.6s
Episode 2110/5000  elapsed 1801.6s
Episode 2120/5000  elapsed 1809.7s
Episode 2130/5000  elapsed 1818.4s
Episode 2140/5000  elapsed 1825.9s
Episode 2150/5000  elapsed 1831.2s
Episode 2160/5000  elapsed 1838.5s
Episode 2170/5000  elapsed 1844.4s
Episode 2180/5000  elapsed 1852.4s
Episode 2190/5000  elapsed 1858.9s
Episode 2200/5000  elapsed 1866.9s
Episode 2210/5000  elapsed 1874.1s
Episode 2220/5000  elapsed 1882.7s
Episode 2230/5000  elapsed 1889.3s
Episode 2240/5000  elapsed 1895.7s
Episode 2250/5000  elapsed 1901.7s
Episode 2260/5000  elapsed 1910.1s
Episode 2270/5000  elapsed 1917.6s
Episode 2280/5000  elapsed 1924.7s
Episode 2290/5000  elapsed 1932.3s
Episode 2300/5000  elapsed 1939.9s
Episode 2310/5000  elapsed 1947.5s
Episode 2320/5000  elapsed 1955.0s
Episode 2330/5000  elapsed 1961.7s
Episode 2340/5000  elapsed 1969.8s
Episode 2350/5000  elapsed 1980.9s
Episode 2360/5000  elapsed 1987.9s
Episode 2370/5000  elapsed 1994.3s
Episode 2380/5000  elapsed 2001.7s
Episode 2390/5000  elapsed 2007.9s
Episode 2400/5000  elapsed 2015.8s
Episode 2410/5000  elapsed 2023.4s
Episode 2420/5000  elapsed 2031.5s
Episode 2430/5000  elapsed 2038.4s
Episode 2440/5000  elapsed 2045.4s
Episode 2450/5000  elapsed 2052.5s
Episode 2460/5000  elapsed 2058.9s
Episode 2470/5000  elapsed 2068.4s
Episode 2480/5000  elapsed 2076.1s
Episode 2490/5000  elapsed 2082.1s
Episode 2500/5000  elapsed 2090.2s
Episode 2510/5000  elapsed 2098.1s
Episode 2520/5000  elapsed 2106.8s
Episode 2530/5000  elapsed 2113.8s
Episode 2540/5000  elapsed 2120.3s
Episode 2550/5000  elapsed 2129.6s
Episode 2560/5000  elapsed 2137.6s
Episode 2570/5000  elapsed 2144.5s
Episode 2580/5000  elapsed 2151.3s
Episode 2590/5000  elapsed 2158.5s
Episode 2600/5000  elapsed 2165.8s
Episode 2610/5000  elapsed 2172.9s
Episode 2620/5000  elapsed 2181.1s
Episode 2630/5000  elapsed 2189.2s
Episode 2640/5000  elapsed 2195.7s
Episode 2650/5000  elapsed 2206.2s
Episode 2660/5000  elapsed 2213.9s
Episode 2670/5000  elapsed 2221.6s
Episode 2680/5000  elapsed 2229.8s
Episode 2690/5000  elapsed 2237.7s
Episode 2700/5000  elapsed 2246.3s
Episode 2710/5000  elapsed 2252.7s
Episode 2720/5000  elapsed 2260.4s
Episode 2730/5000  elapsed 2267.1s
Episode 2740/5000  elapsed 2275.0s
Episode 2750/5000  elapsed 2281.9s
Episode 2760/5000  elapsed 2288.3s
Episode 2770/5000  elapsed 2296.3s
Episode 2780/5000  elapsed 2302.8s
Episode 2790/5000  elapsed 2308.1s
Episode 2800/5000  elapsed 2315.4s
Episode 2810/5000  elapsed 2323.0s
Episode 2820/5000  elapsed 2329.9s
Episode 2830/5000  elapsed 2337.4s
Episode 2840/5000  elapsed 2345.2s
Episode 2850/5000  elapsed 2351.8s
Episode 2860/5000  elapsed 2359.9s
Episode 2870/5000  elapsed 2369.5s
Episode 2880/5000  elapsed 2376.8s
Episode 2890/5000  elapsed 2389.9s
Episode 2900/5000  elapsed 2396.1s
Episode 2910/5000  elapsed 2403.1s
Episode 2920/5000  elapsed 2410.4s
Episode 2930/5000  elapsed 2417.7s
Episode 2940/5000  elapsed 2425.4s
Episode 2950/5000  elapsed 2434.0s
Episode 2960/5000  elapsed 2441.2s
Episode 2970/5000  elapsed 2450.6s
Episode 2980/5000  elapsed 2458.7s
Episode 2990/5000  elapsed 2466.7s
Episode 3000/5000  elapsed 2472.9s
Episode 3010/5000  elapsed 2481.7s
Episode 3020/5000  elapsed 2488.1s
Episode 3030/5000  elapsed 2495.0s
Episode 3040/5000  elapsed 2503.4s
Episode 3050/5000  elapsed 2510.1s
Episode 3060/5000  elapsed 2516.8s
Episode 3070/5000  elapsed 2524.0s
Episode 3080/5000  elapsed 2531.2s
Episode 3090/5000  elapsed 2538.7s
Episode 3100/5000  elapsed 2546.0s
Episode 3110/5000  elapsed 2553.0s
Episode 3120/5000  elapsed 2561.4s
Episode 3130/5000  elapsed 2570.5s
Episode 3140/5000  elapsed 2577.3s
Episode 3150/5000  elapsed 2584.0s
Episode 3160/5000  elapsed 2590.9s
Episode 3170/5000  elapsed 2597.6s
Episode 3180/5000  elapsed 2606.3s
Episode 3190/5000  elapsed 2613.5s
Episode 3200/5000  elapsed 2620.7s
Episode 3210/5000  elapsed 2628.3s
Episode 3220/5000  elapsed 2637.1s
Episode 3230/5000  elapsed 2645.1s
Episode 3240/5000  elapsed 2652.6s
Episode 3250/5000  elapsed 2659.5s
Episode 3260/5000  elapsed 2666.4s
Episode 3270/5000  elapsed 2673.4s
Episode 3280/5000  elapsed 2680.5s
Episode 3290/5000  elapsed 2687.2s
Episode 3300/5000  elapsed 2693.9s
Episode 3310/5000  elapsed 2701.5s
Episode 3320/5000  elapsed 2708.7s
Episode 3330/5000  elapsed 2718.5s
Episode 3340/5000  elapsed 2726.1s
Episode 3350/5000  elapsed 2734.9s
Episode 3360/5000  elapsed 2742.1s
Episode 3370/5000  elapsed 2750.3s
Episode 3380/5000  elapsed 2757.1s
Episode 3390/5000  elapsed 2764.4s
Episode 3400/5000  elapsed 2772.0s
Episode 3410/5000  elapsed 2778.7s
Episode 3420/5000  elapsed 2784.8s
Episode 3430/5000  elapsed 2794.0s
Episode 3440/5000  elapsed 2804.9s
Episode 3450/5000  elapsed 2811.9s
Episode 3460/5000  elapsed 2818.1s
Episode 3470/5000  elapsed 2826.1s
Episode 3480/5000  elapsed 2833.9s
Episode 3490/5000  elapsed 2840.9s
Episode 3500/5000  elapsed 2847.4s
Episode 3510/5000  elapsed 2855.3s
Episode 3520/5000  elapsed 2864.3s
Episode 3530/5000  elapsed 2872.3s
Episode 3540/5000  elapsed 2878.7s
Episode 3550/5000  elapsed 2885.8s
Episode 3560/5000  elapsed 2892.2s
Episode 3570/5000  elapsed 2917.3s
Episode 3580/5000  elapsed 2925.1s
Episode 3590/5000  elapsed 2932.4s
Episode 3600/5000  elapsed 2938.4s
Episode 3610/5000  elapsed 2944.6s
Episode 3620/5000  elapsed 2952.2s
Episode 3630/5000  elapsed 2959.7s
Episode 3640/5000  elapsed 2967.2s
Episode 3650/5000  elapsed 2976.2s
Episode 3660/5000  elapsed 2982.3s
Episode 3670/5000  elapsed 2988.6s
Episode 3680/5000  elapsed 2995.1s
Episode 3690/5000  elapsed 3001.9s
Episode 3700/5000  elapsed 3010.1s
Episode 3710/5000  elapsed 3018.2s
Episode 3720/5000  elapsed 3025.9s
Episode 3730/5000  elapsed 3033.1s
Episode 3740/5000  elapsed 3041.0s
Episode 3750/5000  elapsed 3047.5s
Episode 3760/5000  elapsed 3055.3s
Episode 3770/5000  elapsed 3061.1s
Episode 3780/5000  elapsed 3068.5s
Episode 3790/5000  elapsed 3076.2s
Episode 3800/5000  elapsed 3084.2s
Episode 3810/5000  elapsed 3090.7s
Episode 3820/5000  elapsed 3097.6s
Episode 3830/5000  elapsed 3106.3s
Episode 3840/5000  elapsed 3114.5s
Episode 3850/5000  elapsed 3122.7s
Episode 3860/5000  elapsed 3130.5s
Episode 3870/5000  elapsed 3139.4s
Episode 3880/5000  elapsed 3147.9s
Episode 3890/5000  elapsed 3154.2s
Episode 3900/5000  elapsed 3160.6s
Episode 3910/5000  elapsed 3167.6s
Episode 3920/5000  elapsed 3174.5s
Episode 3930/5000  elapsed 3181.3s
Episode 3940/5000  elapsed 3188.8s
Episode 3950/5000  elapsed 3197.5s
Episode 3960/5000  elapsed 3204.5s
Episode 3970/5000  elapsed 3210.2s
Episode 3980/5000  elapsed 3217.1s
Episode 3990/5000  elapsed 3224.7s
Episode 4000/5000  elapsed 3231.1s
Episode 4010/5000  elapsed 3237.1s
Episode 4020/5000  elapsed 3244.0s
Episode 4030/5000  elapsed 3250.2s
Episode 4040/5000  elapsed 3258.4s
Episode 4050/5000  elapsed 3265.5s
Episode 4060/5000  elapsed 3271.4s
Episode 4070/5000  elapsed 3278.7s
Episode 4080/5000  elapsed 3286.9s
Episode 4090/5000  elapsed 3295.1s
Episode 4100/5000  elapsed 3303.0s
Episode 4110/5000  elapsed 3311.7s
Episode 4120/5000  elapsed 3320.9s
Episode 4130/5000  elapsed 3329.7s
Episode 4140/5000  elapsed 3337.8s
Episode 4150/5000  elapsed 3345.2s
Episode 4160/5000  elapsed 3351.9s
Episode 4170/5000  elapsed 3360.0s
Episode 4180/5000  elapsed 3367.2s
Episode 4190/5000  elapsed 3374.6s
Episode 4200/5000  elapsed 3381.6s
Episode 4210/5000  elapsed 3389.4s
Episode 4220/5000  elapsed 3398.4s
Episode 4230/5000  elapsed 3405.9s
Episode 4240/5000  elapsed 3413.9s
Episode 4250/5000  elapsed 3421.0s
Episode 4260/5000  elapsed 3430.4s
Episode 4270/5000  elapsed 3438.1s
Episode 4280/5000  elapsed 3446.6s
Episode 4290/5000  elapsed 3454.5s
Episode 4300/5000  elapsed 3461.8s
Episode 4310/5000  elapsed 3470.5s
Episode 4320/5000  elapsed 3477.5s
Episode 4330/5000  elapsed 3485.2s
Episode 4340/5000  elapsed 3493.1s
Episode 4350/5000  elapsed 3502.9s
Episode 4360/5000  elapsed 3511.1s
Episode 4370/5000  elapsed 3520.7s
Episode 4380/5000  elapsed 3529.0s
Episode 4390/5000  elapsed 3559.2s
Episode 4400/5000  elapsed 3567.6s
Episode 4410/5000  elapsed 3575.0s
Episode 4420/5000  elapsed 3582.6s
Episode 4430/5000  elapsed 3590.7s
Episode 4440/5000  elapsed 3597.8s
Episode 4450/5000  elapsed 3604.7s
Episode 4460/5000  elapsed 3612.6s
Episode 4470/5000  elapsed 3619.4s
Episode 4480/5000  elapsed 3626.0s
Episode 4490/5000  elapsed 3632.9s
Episode 4500/5000  elapsed 3640.7s
Episode 4510/5000  elapsed 3647.2s
Episode 4520/5000  elapsed 3655.2s
Episode 4530/5000  elapsed 3660.9s
Episode 4540/5000  elapsed 3669.1s
Episode 4550/5000  elapsed 3675.4s
Episode 4560/5000  elapsed 3682.5s
Episode 4570/5000  elapsed 3692.4s
Episode 4580/5000  elapsed 3701.8s
Episode 4590/5000  elapsed 3709.0s
Episode 4600/5000  elapsed 3716.2s
Episode 4610/5000  elapsed 3724.6s
Episode 4620/5000  elapsed 3732.0s
Episode 4630/5000  elapsed 3738.8s
Episode 4640/5000  elapsed 3746.8s
Episode 4650/5000  elapsed 3754.5s
Episode 4660/5000  elapsed 3761.8s
Episode 4670/5000  elapsed 3768.8s
Episode 4680/5000  elapsed 3775.7s
Episode 4690/5000  elapsed 3784.1s
Episode 4700/5000  elapsed 4510.2s
Episode 4710/5000  elapsed 4518.5s
Episode 4720/5000  elapsed 4526.6s
Episode 4730/5000  elapsed 4534.1s
Episode 4740/5000  elapsed 4542.4s
Episode 4750/5000  elapsed 4552.8s
Episode 4760/5000  elapsed 4560.6s
Episode 4770/5000  elapsed 4568.5s
Episode 4780/5000  elapsed 4577.0s
Episode 4790/5000  elapsed 4585.2s
Episode 4800/5000  elapsed 4592.9s
Episode 4810/5000  elapsed 4601.1s
Episode 4820/5000  elapsed 4609.1s
Episode 4830/5000  elapsed 4619.1s
Episode 4840/5000  elapsed 4627.2s
Episode 4850/5000  elapsed 4635.4s
Episode 4860/5000  elapsed 4642.1s
Episode 4870/5000  elapsed 4650.3s
Episode 4880/5000  elapsed 4657.6s
Episode 4890/5000  elapsed 4666.2s
Episode 4900/5000  elapsed 4674.4s
Episode 4910/5000  elapsed 4683.2s
Episode 4920/5000  elapsed 4690.1s
Episode 4930/5000  elapsed 4697.6s
Episode 4940/5000  elapsed 4704.8s
Episode 4950/5000  elapsed 4712.2s
Episode 4960/5000  elapsed 4718.0s
Episode 4970/5000  elapsed 4726.7s
Episode 4980/5000  elapsed 4734.3s
Episode 4990/5000  elapsed 4741.7s
Training completed. Weights saved to weights.json

Final weights:
  mobility: 730629.40
  psqt: -61719.08
  frontier: 407160.09
  parity: -658715.81
  corners: 737004.80
  corner_closeness: 296230.71
